2025-03-19 18:55:55,963 - LaborlyBackend - ERROR - Error seeding database: 'Admin' is not among the defined enum values. Enum name: userrole. Possible values: ADMIN, CLIENT, WORKER
2025-03-20 01:17:45,803 - LaborlyBackend - INFO - Admin user created: admin@laborly.com
2025-03-20 01:17:45,812 - LaborlyBackend - INFO - Admin action logged: Create by admin_id 1
2025-03-20 01:17:45,824 - LaborlyBackend - INFO - Client user created: client1@laborly.com
2025-03-20 01:17:45,831 - LaborlyBackend - INFO - System action logged: Create by user_id 2
2025-03-20 01:17:45,833 - LaborlyBackend - INFO - Client user created: client2@laborly.com
2025-03-20 01:17:45,836 - LaborlyBackend - INFO - System action logged: Create by user_id 3
2025-03-20 01:17:45,841 - LaborlyBackend - INFO - Client user created: client3@laborly.com
2025-03-20 01:17:45,844 - LaborlyBackend - INFO - System action logged: Create by user_id 4
2025-03-20 01:17:45,846 - LaborlyBackend - INFO - Client user created: client4@laborly.com
2025-03-20 01:17:45,849 - LaborlyBackend - INFO - System action logged: Create by user_id 5
2025-03-20 01:17:45,851 - LaborlyBackend - INFO - Client user created: client5@laborly.com
2025-03-20 01:17:45,853 - LaborlyBackend - INFO - System action logged: Create by user_id 6
2025-03-20 01:17:45,858 - LaborlyBackend - INFO - Client user created: client6@laborly.com
2025-03-20 01:17:45,861 - LaborlyBackend - INFO - System action logged: Create by user_id 7
2025-03-20 01:17:45,863 - LaborlyBackend - INFO - Client user created: client7@laborly.com
2025-03-20 01:17:45,866 - LaborlyBackend - INFO - System action logged: Create by user_id 8
2025-03-20 01:17:45,868 - LaborlyBackend - INFO - Client user created: client8@laborly.com
2025-03-20 01:17:45,871 - LaborlyBackend - INFO - System action logged: Create by user_id 9
2025-03-20 01:17:45,874 - LaborlyBackend - INFO - Client user created: client9@laborly.com
2025-03-20 01:17:45,877 - LaborlyBackend - INFO - System action logged: Create by user_id 10
2025-03-20 01:17:45,880 - LaborlyBackend - INFO - Client user created: client10@laborly.com
2025-03-20 01:17:45,882 - LaborlyBackend - INFO - System action logged: Create by user_id 11
2025-03-20 01:17:45,891 - LaborlyBackend - INFO - Worker user created: worker1@laborly.com
2025-03-20 01:17:45,894 - LaborlyBackend - INFO - System action logged: Create by user_id 12
2025-03-20 01:17:45,896 - LaborlyBackend - INFO - Worker user created: worker2@laborly.com
2025-03-20 01:17:45,899 - LaborlyBackend - INFO - System action logged: Create by user_id 13
2025-03-20 01:17:45,901 - LaborlyBackend - INFO - Worker user created: worker3@laborly.com
2025-03-20 01:17:45,903 - LaborlyBackend - INFO - System action logged: Create by user_id 14
2025-03-20 01:17:45,906 - LaborlyBackend - INFO - Worker user created: worker4@laborly.com
2025-03-20 01:17:45,910 - LaborlyBackend - INFO - System action logged: Create by user_id 15
2025-03-20 01:17:45,912 - LaborlyBackend - INFO - Worker user created: worker5@laborly.com
2025-03-20 01:17:45,915 - LaborlyBackend - INFO - System action logged: Create by user_id 16
2025-03-20 01:17:45,949 - LaborlyBackend - INFO - Job created: Paint the wall #1 by client_id 3
2025-03-20 01:17:45,951 - LaborlyBackend - INFO - System action logged: Create by user_id 3
2025-03-20 01:17:45,952 - LaborlyBackend - INFO - Job created: Clean the house #2 by client_id 3
2025-03-20 01:17:45,955 - LaborlyBackend - INFO - System action logged: Create by user_id 3
2025-03-20 01:17:45,958 - LaborlyBackend - INFO - Job created: Install a door #3 by client_id 10
2025-03-20 01:17:45,960 - LaborlyBackend - INFO - System action logged: Create by user_id 10
2025-03-20 01:17:45,961 - LaborlyBackend - INFO - Job created: Repair the car #4 by client_id 7
2025-03-20 01:17:45,964 - LaborlyBackend - INFO - System action logged: Create by user_id 7
2025-03-20 01:17:45,965 - LaborlyBackend - INFO - Job created: Clean the house #5 by client_id 11
2025-03-20 01:17:45,968 - LaborlyBackend - INFO - System action logged: Create by user_id 11
2025-03-20 01:17:45,970 - LaborlyBackend - INFO - Job created: Repair the car #6 by client_id 4
2025-03-20 01:17:45,975 - LaborlyBackend - INFO - System action logged: Create by user_id 4
2025-03-20 01:17:45,976 - LaborlyBackend - INFO - Job created: Paint the wall #7 by client_id 9
2025-03-20 01:17:45,979 - LaborlyBackend - INFO - System action logged: Create by user_id 9
2025-03-20 01:17:45,981 - LaborlyBackend - INFO - Job created: Install a door #8 by client_id 6
2025-03-20 01:17:45,983 - LaborlyBackend - INFO - System action logged: Create by user_id 6
2025-03-20 01:17:45,985 - LaborlyBackend - INFO - Job created: Install a door #9 by client_id 6
2025-03-20 01:17:45,987 - LaborlyBackend - INFO - System action logged: Create by user_id 6
2025-03-20 01:17:45,990 - LaborlyBackend - INFO - Job created: Clean the house #10 by client_id 7
2025-03-20 01:17:45,993 - LaborlyBackend - INFO - System action logged: Create by user_id 7
2025-03-20 01:17:45,994 - LaborlyBackend - INFO - Job created: Clean the house #11 by client_id 7
2025-03-20 01:17:45,996 - LaborlyBackend - INFO - System action logged: Create by user_id 7
2025-03-20 01:17:45,998 - LaborlyBackend - INFO - Job created: Paint the wall #12 by client_id 7
2025-03-20 01:17:46,000 - LaborlyBackend - INFO - System action logged: Create by user_id 7
2025-03-20 01:17:46,002 - LaborlyBackend - INFO - Job created: Repair the car #13 by client_id 8
2025-03-20 01:17:46,004 - LaborlyBackend - INFO - System action logged: Create by user_id 8
2025-03-20 01:17:46,006 - LaborlyBackend - INFO - Job created: Repair the car #14 by client_id 9
2025-03-20 01:17:46,008 - LaborlyBackend - INFO - System action logged: Create by user_id 9
2025-03-20 01:17:46,009 - LaborlyBackend - INFO - Job created: Install a door #15 by client_id 9
2025-03-20 01:17:46,011 - LaborlyBackend - INFO - System action logged: Create by user_id 9
2025-03-20 01:17:46,012 - LaborlyBackend - INFO - Job created: Paint the wall #16 by client_id 4
2025-03-20 01:17:46,014 - LaborlyBackend - INFO - System action logged: Create by user_id 4
2025-03-20 01:17:46,016 - LaborlyBackend - INFO - Job created: Fix my sink #17 by client_id 4
2025-03-20 01:17:46,018 - LaborlyBackend - INFO - System action logged: Create by user_id 4
2025-03-20 01:17:46,020 - LaborlyBackend - INFO - Job created: Install a door #18 by client_id 11
2025-03-20 01:17:46,022 - LaborlyBackend - INFO - System action logged: Create by user_id 11
2025-03-20 01:17:46,023 - LaborlyBackend - INFO - Job created: Repair the car #19 by client_id 9
2025-03-20 01:17:46,025 - LaborlyBackend - INFO - System action logged: Create by user_id 9
2025-03-20 01:17:46,026 - LaborlyBackend - INFO - Job created: Repair the car #20 by client_id 11
2025-03-20 01:17:46,028 - LaborlyBackend - INFO - System action logged: Create by user_id 11
2025-03-20 01:24:41,463 - LaborlyBackend - INFO - Admin user created: admin@laborly.com
2025-03-20 01:24:41,470 - LaborlyBackend - INFO - Admin action logged: Create by admin_id 1
2025-03-20 01:24:41,477 - LaborlyBackend - INFO - Client user created: client1@laborly.com
2025-03-20 01:24:41,484 - LaborlyBackend - INFO - System action logged: Create by user_id 2
2025-03-20 01:24:41,487 - LaborlyBackend - INFO - Client user created: client2@laborly.com
2025-03-20 01:24:41,490 - LaborlyBackend - INFO - System action logged: Create by user_id 3
2025-03-20 01:24:41,492 - LaborlyBackend - INFO - Client user created: client3@laborly.com
2025-03-20 01:24:41,494 - LaborlyBackend - INFO - System action logged: Create by user_id 4
2025-03-20 01:24:41,496 - LaborlyBackend - INFO - Client user created: client4@laborly.com
2025-03-20 01:24:41,499 - LaborlyBackend - INFO - System action logged: Create by user_id 5
2025-03-20 01:24:41,502 - LaborlyBackend - INFO - Client user created: client5@laborly.com
2025-03-20 01:24:41,504 - LaborlyBackend - INFO - System action logged: Create by user_id 6
2025-03-20 01:24:41,507 - LaborlyBackend - INFO - Client user created: client6@laborly.com
2025-03-20 01:24:41,509 - LaborlyBackend - INFO - System action logged: Create by user_id 7
2025-03-20 01:24:41,511 - LaborlyBackend - INFO - Client user created: client7@laborly.com
2025-03-20 01:24:41,513 - LaborlyBackend - INFO - System action logged: Create by user_id 8
2025-03-20 01:24:41,516 - LaborlyBackend - INFO - Client user created: client8@laborly.com
2025-03-20 01:24:41,518 - LaborlyBackend - INFO - System action logged: Create by user_id 9
2025-03-20 01:24:41,520 - LaborlyBackend - INFO - Client user created: client9@laborly.com
2025-03-20 01:24:41,523 - LaborlyBackend - INFO - System action logged: Create by user_id 10
2025-03-20 01:24:41,525 - LaborlyBackend - INFO - Client user created: client10@laborly.com
2025-03-20 01:24:41,527 - LaborlyBackend - INFO - System action logged: Create by user_id 11
2025-03-20 01:24:41,534 - LaborlyBackend - INFO - Worker user created: worker1@laborly.com
2025-03-20 01:24:41,537 - LaborlyBackend - INFO - System action logged: Create by user_id 12
2025-03-20 01:24:41,539 - LaborlyBackend - INFO - Worker user created: worker2@laborly.com
2025-03-20 01:24:41,541 - LaborlyBackend - INFO - System action logged: Create by user_id 13
2025-03-20 01:24:41,543 - LaborlyBackend - INFO - Worker user created: worker3@laborly.com
2025-03-20 01:24:41,546 - LaborlyBackend - INFO - System action logged: Create by user_id 14
2025-03-20 01:24:41,548 - LaborlyBackend - INFO - Worker user created: worker4@laborly.com
2025-03-20 01:24:41,551 - LaborlyBackend - INFO - System action logged: Create by user_id 15
2025-03-20 01:24:41,554 - LaborlyBackend - INFO - Worker user created: worker5@laborly.com
2025-03-20 01:24:41,557 - LaborlyBackend - INFO - System action logged: Create by user_id 16
2025-03-20 01:24:41,611 - LaborlyBackend - INFO - Job created: Clean the house #1 by client_id 6
2025-03-20 01:24:41,613 - LaborlyBackend - INFO - System action logged: Create by user_id 6
2025-03-20 01:24:41,615 - LaborlyBackend - INFO - Job created: Install a door #2 by client_id 5
2025-03-20 01:24:41,618 - LaborlyBackend - INFO - System action logged: Create by user_id 5
2025-03-20 01:24:41,620 - LaborlyBackend - INFO - Job created: Fix my sink #3 by client_id 10
2025-03-20 01:24:41,622 - LaborlyBackend - INFO - System action logged: Create by user_id 10
2025-03-20 01:24:41,623 - LaborlyBackend - INFO - Job created: Paint the wall #4 by client_id 9
2025-03-20 01:24:41,624 - LaborlyBackend - INFO - System action logged: Create by user_id 9
2025-03-20 01:24:41,626 - LaborlyBackend - INFO - Job created: Clean the house #5 by client_id 2
2025-03-20 01:24:41,629 - LaborlyBackend - INFO - System action logged: Create by user_id 2
2025-03-20 01:24:41,630 - LaborlyBackend - INFO - Job created: Paint the wall #6 by client_id 9
2025-03-20 01:24:41,632 - LaborlyBackend - INFO - System action logged: Create by user_id 9
2025-03-20 01:24:41,633 - LaborlyBackend - INFO - Job created: Install a door #7 by client_id 8
2025-03-20 01:24:41,635 - LaborlyBackend - INFO - System action logged: Create by user_id 8
2025-03-20 01:24:41,636 - LaborlyBackend - INFO - Job created: Fix my sink #8 by client_id 5
2025-03-20 01:24:41,638 - LaborlyBackend - INFO - System action logged: Create by user_id 5
2025-03-20 01:24:41,639 - LaborlyBackend - INFO - Job created: Clean the house #9 by client_id 7
2025-03-20 01:24:41,641 - LaborlyBackend - INFO - System action logged: Create by user_id 7
2025-03-20 01:24:41,643 - LaborlyBackend - INFO - Job created: Repair the car #10 by client_id 10
2025-03-20 01:24:41,644 - LaborlyBackend - INFO - System action logged: Create by user_id 10
2025-03-20 01:24:41,646 - LaborlyBackend - INFO - Job created: Clean the house #11 by client_id 3
2025-03-20 01:24:41,648 - LaborlyBackend - INFO - System action logged: Create by user_id 3
2025-03-20 01:24:41,649 - LaborlyBackend - INFO - Job created: Install a door #12 by client_id 3
2025-03-20 01:24:41,651 - LaborlyBackend - INFO - System action logged: Create by user_id 3
2025-03-20 01:24:41,652 - LaborlyBackend - INFO - Job created: Paint the wall #13 by client_id 3
2025-03-20 01:24:41,653 - LaborlyBackend - INFO - System action logged: Create by user_id 3
2025-03-20 01:24:41,655 - LaborlyBackend - INFO - Job created: Fix my sink #14 by client_id 11
2025-03-20 01:24:41,656 - LaborlyBackend - INFO - System action logged: Create by user_id 11
2025-03-20 01:24:41,658 - LaborlyBackend - INFO - Job created: Clean the house #15 by client_id 3
2025-03-20 01:24:41,660 - LaborlyBackend - INFO - System action logged: Create by user_id 3
2025-03-20 01:24:41,661 - LaborlyBackend - INFO - Job created: Paint the wall #16 by client_id 5
2025-03-20 01:24:41,663 - LaborlyBackend - INFO - System action logged: Create by user_id 5
2025-03-20 01:24:41,664 - LaborlyBackend - INFO - Job created: Clean the house #17 by client_id 10
2025-03-20 01:24:41,666 - LaborlyBackend - INFO - System action logged: Create by user_id 10
2025-03-20 01:24:41,667 - LaborlyBackend - INFO - Job created: Repair the car #18 by client_id 7
2025-03-20 01:24:41,669 - LaborlyBackend - INFO - System action logged: Create by user_id 7
2025-03-20 01:24:41,670 - LaborlyBackend - INFO - Job created: Clean the house #19 by client_id 10
2025-03-20 01:24:41,672 - LaborlyBackend - INFO - System action logged: Create by user_id 10
2025-03-20 01:24:41,673 - LaborlyBackend - INFO - Job created: Clean the house #20 by client_id 8
2025-03-20 01:24:41,675 - LaborlyBackend - INFO - System action logged: Create by user_id 8
